{"C:\\Users\\davi.finkler\\Desktop\\aval-backend-2\\src\\index.js": {"path":"C:\\Users\\davi.finkler\\Desktop\\aval-backend-2\\src\\index.js","statementMap":{"0":{"start":{"line":1,"column":16},"end":{"line":1,"column":34}},"1":{"start":{"line":2,"column":16},"end":{"line":2,"column":37}},"2":{"start":{"line":3,"column":19},"end":{"line":3,"column":43}},"3":{"start":{"line":4,"column":16},"end":{"line":4,"column":37}},"4":{"start":{"line":5,"column":17},"end":{"line":5,"column":45}},"5":{"start":{"line":6,"column":19},"end":{"line":6,"column":63}},"6":{"start":{"line":8,"column":12},"end":{"line":8,"column":21}},"7":{"start":{"line":9,"column":0},"end":{"line":9,"column":23}},"8":{"start":{"line":11,"column":0},"end":{"line":13,"column":2}},"9":{"start":{"line":12,"column":4},"end":{"line":12,"column":43}},"10":{"start":{"line":15,"column":16},"end":{"line":15,"column":29}},"11":{"start":{"line":16,"column":19},"end":{"line":16,"column":35}},"12":{"start":{"line":17,"column":16},"end":{"line":17,"column":29}},"13":{"start":{"line":18,"column":19},"end":{"line":18,"column":35}},"14":{"start":{"line":21,"column":0},"end":{"line":21,"column":41}},"15":{"start":{"line":22,"column":0},"end":{"line":22,"column":68}},"16":{"start":{"line":23,"column":0},"end":{"line":23,"column":72}},"17":{"start":{"line":24,"column":0},"end":{"line":24,"column":75}},"18":{"start":{"line":27,"column":0},"end":{"line":27,"column":48}},"19":{"start":{"line":28,"column":0},"end":{"line":28,"column":74}},"20":{"start":{"line":29,"column":0},"end":{"line":29,"column":81}},"21":{"start":{"line":30,"column":0},"end":{"line":30,"column":84}},"22":{"start":{"line":33,"column":0},"end":{"line":33,"column":39}},"23":{"start":{"line":34,"column":0},"end":{"line":34,"column":62}},"24":{"start":{"line":35,"column":0},"end":{"line":35,"column":69}},"25":{"start":{"line":36,"column":0},"end":{"line":36,"column":72}},"26":{"start":{"line":38,"column":13},"end":{"line":38,"column":17}},"27":{"start":{"line":40,"column":0},"end":{"line":50,"column":7}},"28":{"start":{"line":42,"column":8},"end":{"line":46,"column":11}},"29":{"start":{"line":43,"column":12},"end":{"line":45,"column":15}},"30":{"start":{"line":44,"column":14},"end":{"line":44,"column":63}},"31":{"start":{"line":49,"column":8},"end":{"line":49,"column":65}},"32":{"start":{"line":52,"column":0},"end":{"line":52,"column":21}}},"fnMap":{"0":{"name":"(anonymous_0)","decl":{"start":{"line":11,"column":13},"end":{"line":11,"column":14}},"loc":{"start":{"line":11,"column":27},"end":{"line":13,"column":1}},"line":11},"1":{"name":"(anonymous_1)","decl":{"start":{"line":41,"column":10},"end":{"line":41,"column":11}},"loc":{"start":{"line":41,"column":16},"end":{"line":47,"column":5}},"line":41},"2":{"name":"(anonymous_2)","decl":{"start":{"line":43,"column":29},"end":{"line":43,"column":30}},"loc":{"start":{"line":43,"column":35},"end":{"line":45,"column":13}},"line":43},"3":{"name":"(anonymous_3)","decl":{"start":{"line":48,"column":11},"end":{"line":48,"column":12}},"loc":{"start":{"line":48,"column":22},"end":{"line":50,"column":5}},"line":48}},"branchMap":{"0":{"loc":{"start":{"line":42,"column":8},"end":{"line":46,"column":11}},"type":"if","locations":[{"start":{"line":42,"column":8},"end":{"line":46,"column":11}},{"start":{},"end":{}}],"line":42}},"s":{"0":3,"1":3,"2":3,"3":3,"4":3,"5":3,"6":3,"7":3,"8":3,"9":0,"10":3,"11":3,"12":3,"13":3,"14":3,"15":3,"16":3,"17":3,"18":3,"19":3,"20":3,"21":3,"22":3,"23":3,"24":3,"25":3,"26":3,"27":3,"28":3,"29":0,"30":0,"31":0,"32":3},"f":{"0":0,"1":3,"2":0,"3":0},"b":{"0":[0,3]},"_coverageSchema":"1a1c01bbd47fc00a2c39e90264f33305004495a9","hash":"d72a4d5894fdacc172c2dff6110a4fa9f6a058d7"}
,"C:\\Users\\davi.finkler\\Desktop\\aval-backend-2\\src\\api\\project.js": {"path":"C:\\Users\\davi.finkler\\Desktop\\aval-backend-2\\src\\api\\project.js","statementMap":{"0":{"start":{"line":1,"column":26},"end":{"line":1,"column":58}},"1":{"start":{"line":5,"column":46},"end":{"line":5,"column":54}},"2":{"start":{"line":7,"column":8},"end":{"line":12,"column":9}},"3":{"start":{"line":8,"column":28},"end":{"line":8,"column":91}},"4":{"start":{"line":9,"column":12},"end":{"line":9,"column":49}},"5":{"start":{"line":11,"column":12},"end":{"line":11,"column":65}},"6":{"start":{"line":16,"column":23},"end":{"line":16,"column":33}},"7":{"start":{"line":17,"column":46},"end":{"line":17,"column":54}},"8":{"start":{"line":19,"column":8},"end":{"line":24,"column":9}},"9":{"start":{"line":20,"column":28},"end":{"line":20,"column":105}},"10":{"start":{"line":21,"column":12},"end":{"line":21,"column":49}},"11":{"start":{"line":23,"column":12},"end":{"line":23,"column":65}},"12":{"start":{"line":28,"column":23},"end":{"line":28,"column":33}},"13":{"start":{"line":30,"column":8},"end":{"line":35,"column":9}},"14":{"start":{"line":31,"column":12},"end":{"line":31,"column":63}},"15":{"start":{"line":32,"column":12},"end":{"line":32,"column":42}},"16":{"start":{"line":34,"column":12},"end":{"line":34,"column":65}},"17":{"start":{"line":40,"column":8},"end":{"line":45,"column":9}},"18":{"start":{"line":41,"column":29},"end":{"line":41,"column":69}},"19":{"start":{"line":42,"column":12},"end":{"line":42,"column":50}},"20":{"start":{"line":44,"column":12},"end":{"line":44,"column":65}},"21":{"start":{"line":49,"column":0},"end":{"line":49,"column":28}}},"fnMap":{"0":{"name":"(anonymous_0)","decl":{"start":{"line":4,"column":4},"end":{"line":4,"column":5}},"loc":{"start":{"line":4,"column":33},"end":{"line":13,"column":5}},"line":4},"1":{"name":"(anonymous_1)","decl":{"start":{"line":15,"column":4},"end":{"line":15,"column":5}},"loc":{"start":{"line":15,"column":35},"end":{"line":25,"column":5}},"line":15},"2":{"name":"(anonymous_2)","decl":{"start":{"line":27,"column":4},"end":{"line":27,"column":5}},"loc":{"start":{"line":27,"column":35},"end":{"line":36,"column":5}},"line":27},"3":{"name":"(anonymous_3)","decl":{"start":{"line":38,"column":4},"end":{"line":38,"column":5}},"loc":{"start":{"line":38,"column":35},"end":{"line":46,"column":5}},"line":38}},"branchMap":{},"s":{"0":3,"1":2,"2":2,"3":2,"4":2,"5":0,"6":0,"7":0,"8":0,"9":0,"10":0,"11":0,"12":0,"13":0,"14":0,"15":0,"16":0,"17":0,"18":0,"19":0,"20":0,"21":3},"f":{"0":2,"1":0,"2":0,"3":0},"b":{},"_coverageSchema":"1a1c01bbd47fc00a2c39e90264f33305004495a9","hash":"f0a4193eba09596bdd01b57bc6e349d14b5c6f8d"}
,"C:\\Users\\davi.finkler\\Desktop\\aval-backend-2\\src\\api\\task.js": {"path":"C:\\Users\\davi.finkler\\Desktop\\aval-backend-2\\src\\api\\task.js","statementMap":{"0":{"start":{"line":1,"column":23},"end":{"line":1,"column":52}},"1":{"start":{"line":5,"column":56},"end":{"line":5,"column":64}},"2":{"start":{"line":7,"column":8},"end":{"line":12,"column":9}},"3":{"start":{"line":8,"column":25},"end":{"line":8,"column":92}},"4":{"start":{"line":9,"column":12},"end":{"line":9,"column":46}},"5":{"start":{"line":11,"column":12},"end":{"line":11,"column":65}},"6":{"start":{"line":16,"column":23},"end":{"line":16,"column":33}},"7":{"start":{"line":17,"column":56},"end":{"line":17,"column":64}},"8":{"start":{"line":19,"column":8},"end":{"line":24,"column":9}},"9":{"start":{"line":20,"column":25},"end":{"line":20,"column":106}},"10":{"start":{"line":21,"column":12},"end":{"line":21,"column":46}},"11":{"start":{"line":23,"column":12},"end":{"line":23,"column":65}},"12":{"start":{"line":28,"column":23},"end":{"line":28,"column":33}},"13":{"start":{"line":30,"column":8},"end":{"line":35,"column":9}},"14":{"start":{"line":31,"column":12},"end":{"line":31,"column":57}},"15":{"start":{"line":32,"column":12},"end":{"line":32,"column":42}},"16":{"start":{"line":34,"column":12},"end":{"line":34,"column":65}},"17":{"start":{"line":40,"column":8},"end":{"line":45,"column":9}},"18":{"start":{"line":41,"column":26},"end":{"line":41,"column":60}},"19":{"start":{"line":42,"column":12},"end":{"line":42,"column":47}},"20":{"start":{"line":44,"column":12},"end":{"line":44,"column":65}},"21":{"start":{"line":49,"column":0},"end":{"line":49,"column":25}}},"fnMap":{"0":{"name":"(anonymous_0)","decl":{"start":{"line":4,"column":4},"end":{"line":4,"column":5}},"loc":{"start":{"line":4,"column":30},"end":{"line":13,"column":5}},"line":4},"1":{"name":"(anonymous_1)","decl":{"start":{"line":15,"column":4},"end":{"line":15,"column":5}},"loc":{"start":{"line":15,"column":32},"end":{"line":25,"column":5}},"line":15},"2":{"name":"(anonymous_2)","decl":{"start":{"line":27,"column":4},"end":{"line":27,"column":5}},"loc":{"start":{"line":27,"column":32},"end":{"line":36,"column":5}},"line":27},"3":{"name":"(anonymous_3)","decl":{"start":{"line":38,"column":4},"end":{"line":38,"column":5}},"loc":{"start":{"line":38,"column":32},"end":{"line":46,"column":5}},"line":38}},"branchMap":{},"s":{"0":3,"1":1,"2":1,"3":1,"4":1,"5":0,"6":0,"7":0,"8":0,"9":0,"10":0,"11":0,"12":0,"13":0,"14":0,"15":0,"16":0,"17":0,"18":0,"19":0,"20":0,"21":3},"f":{"0":1,"1":0,"2":0,"3":0},"b":{},"_coverageSchema":"1a1c01bbd47fc00a2c39e90264f33305004495a9","hash":"a85dd959d69a1b41b5a744446f1fb9443864738e"}
,"C:\\Users\\davi.finkler\\Desktop\\aval-backend-2\\src\\api\\user.js": {"path":"C:\\Users\\davi.finkler\\Desktop\\aval-backend-2\\src\\api\\user.js","statementMap":{"0":{"start":{"line":1,"column":23},"end":{"line":1,"column":52}},"1":{"start":{"line":5,"column":39},"end":{"line":5,"column":47}},"2":{"start":{"line":7,"column":8},"end":{"line":12,"column":9}},"3":{"start":{"line":8,"column":25},"end":{"line":8,"column":78}},"4":{"start":{"line":9,"column":12},"end":{"line":9,"column":46}},"5":{"start":{"line":11,"column":12},"end":{"line":11,"column":65}},"6":{"start":{"line":16,"column":23},"end":{"line":16,"column":33}},"7":{"start":{"line":17,"column":39},"end":{"line":17,"column":47}},"8":{"start":{"line":19,"column":8},"end":{"line":24,"column":9}},"9":{"start":{"line":20,"column":25},"end":{"line":20,"column":92}},"10":{"start":{"line":21,"column":12},"end":{"line":21,"column":46}},"11":{"start":{"line":23,"column":12},"end":{"line":23,"column":65}},"12":{"start":{"line":28,"column":23},"end":{"line":28,"column":33}},"13":{"start":{"line":30,"column":8},"end":{"line":35,"column":9}},"14":{"start":{"line":31,"column":12},"end":{"line":31,"column":60}},"15":{"start":{"line":32,"column":12},"end":{"line":32,"column":42}},"16":{"start":{"line":34,"column":12},"end":{"line":34,"column":65}},"17":{"start":{"line":40,"column":8},"end":{"line":45,"column":9}},"18":{"start":{"line":41,"column":26},"end":{"line":41,"column":63}},"19":{"start":{"line":42,"column":12},"end":{"line":42,"column":47}},"20":{"start":{"line":44,"column":12},"end":{"line":44,"column":65}},"21":{"start":{"line":49,"column":0},"end":{"line":49,"column":25}}},"fnMap":{"0":{"name":"(anonymous_0)","decl":{"start":{"line":4,"column":4},"end":{"line":4,"column":5}},"loc":{"start":{"line":4,"column":33},"end":{"line":13,"column":5}},"line":4},"1":{"name":"(anonymous_1)","decl":{"start":{"line":15,"column":4},"end":{"line":15,"column":5}},"loc":{"start":{"line":15,"column":35},"end":{"line":25,"column":5}},"line":15},"2":{"name":"(anonymous_2)","decl":{"start":{"line":27,"column":4},"end":{"line":27,"column":5}},"loc":{"start":{"line":27,"column":35},"end":{"line":36,"column":5}},"line":27},"3":{"name":"(anonymous_3)","decl":{"start":{"line":38,"column":4},"end":{"line":38,"column":5}},"loc":{"start":{"line":38,"column":34},"end":{"line":46,"column":5}},"line":38}},"branchMap":{},"s":{"0":3,"1":3,"2":3,"3":3,"4":3,"5":0,"6":0,"7":0,"8":0,"9":0,"10":0,"11":0,"12":0,"13":0,"14":0,"15":0,"16":0,"17":0,"18":0,"19":0,"20":0,"21":3},"f":{"0":3,"1":0,"2":0,"3":0},"b":{},"_coverageSchema":"1a1c01bbd47fc00a2c39e90264f33305004495a9","hash":"ba96afc5d648516c88284e9e388a5b3c7dc10f73"}
,"C:\\Users\\davi.finkler\\Desktop\\aval-backend-2\\src\\config\\database.js": {"path":"C:\\Users\\davi.finkler\\Desktop\\aval-backend-2\\src\\config\\database.js","statementMap":{"0":{"start":{"line":1,"column":18},"end":{"line":1,"column":38}},"1":{"start":{"line":3,"column":17},"end":{"line":8,"column":1}},"2":{"start":{"line":10,"column":0},"end":{"line":10,"column":26}}},"fnMap":{},"branchMap":{},"s":{"0":3,"1":3,"2":3},"f":{},"b":{},"_coverageSchema":"1a1c01bbd47fc00a2c39e90264f33305004495a9","hash":"0c50c55b7b9717f1b68a28eb27ccb8988bbf86a3"}
,"C:\\Users\\davi.finkler\\Desktop\\aval-backend-2\\src\\controller\\project.js": {"path":"C:\\Users\\davi.finkler\\Desktop\\aval-backend-2\\src\\controller\\project.js","statementMap":{"0":{"start":{"line":1,"column":16},"end":{"line":1,"column":43}},"1":{"start":{"line":5,"column":8},"end":{"line":11,"column":9}},"2":{"start":{"line":10,"column":12},"end":{"line":10,"column":75}},"3":{"start":{"line":14,"column":24},"end":{"line":15,"column":50}},"4":{"start":{"line":17,"column":8},"end":{"line":17,"column":23}},"5":{"start":{"line":21,"column":8},"end":{"line":23,"column":9}},"6":{"start":{"line":22,"column":12},"end":{"line":22,"column":48}},"7":{"start":{"line":25,"column":24},"end":{"line":25,"column":50}},"8":{"start":{"line":27,"column":8},"end":{"line":29,"column":9}},"9":{"start":{"line":28,"column":12},"end":{"line":28,"column":54}},"10":{"start":{"line":31,"column":8},"end":{"line":31,"column":23}},"11":{"start":{"line":35,"column":8},"end":{"line":42,"column":9}},"12":{"start":{"line":41,"column":12},"end":{"line":41,"column":79}},"13":{"start":{"line":44,"column":24},"end":{"line":44,"column":50}},"14":{"start":{"line":46,"column":8},"end":{"line":46,"column":32}},"15":{"start":{"line":47,"column":8},"end":{"line":47,"column":36}},"16":{"start":{"line":48,"column":8},"end":{"line":48,"column":34}},"17":{"start":{"line":50,"column":8},"end":{"line":50,"column":23}},"18":{"start":{"line":52,"column":8},"end":{"line":52,"column":23}},"19":{"start":{"line":56,"column":8},"end":{"line":58,"column":9}},"20":{"start":{"line":57,"column":12},"end":{"line":57,"column":48}},"21":{"start":{"line":60,"column":24},"end":{"line":60,"column":50}},"22":{"start":{"line":62,"column":8},"end":{"line":62,"column":26}},"23":{"start":{"line":66,"column":8},"end":{"line":66,"column":33}},"24":{"start":{"line":70,"column":0},"end":{"line":70,"column":41}}},"fnMap":{"0":{"name":"(anonymous_0)","decl":{"start":{"line":4,"column":4},"end":{"line":4,"column":5}},"loc":{"start":{"line":4,"column":50},"end":{"line":18,"column":5}},"line":4},"1":{"name":"(anonymous_1)","decl":{"start":{"line":20,"column":4},"end":{"line":20,"column":5}},"loc":{"start":{"line":20,"column":26},"end":{"line":32,"column":5}},"line":20},"2":{"name":"(anonymous_2)","decl":{"start":{"line":34,"column":4},"end":{"line":34,"column":5}},"loc":{"start":{"line":34,"column":56},"end":{"line":53,"column":5}},"line":34},"3":{"name":"(anonymous_3)","decl":{"start":{"line":55,"column":4},"end":{"line":55,"column":5}},"loc":{"start":{"line":55,"column":29},"end":{"line":63,"column":5}},"line":55},"4":{"name":"(anonymous_4)","decl":{"start":{"line":65,"column":4},"end":{"line":65,"column":5}},"loc":{"start":{"line":65,"column":27},"end":{"line":67,"column":5}},"line":65}},"branchMap":{"0":{"loc":{"start":{"line":5,"column":8},"end":{"line":11,"column":9}},"type":"if","locations":[{"start":{"line":5,"column":8},"end":{"line":11,"column":9}},{"start":{},"end":{}}],"line":5},"1":{"loc":{"start":{"line":6,"column":12},"end":{"line":8,"column":36}},"type":"binary-expr","locations":[{"start":{"line":6,"column":12},"end":{"line":6,"column":32}},{"start":{"line":7,"column":15},"end":{"line":7,"column":37}},{"start":{"line":8,"column":15},"end":{"line":8,"column":36}}],"line":6},"2":{"loc":{"start":{"line":21,"column":8},"end":{"line":23,"column":9}},"type":"if","locations":[{"start":{"line":21,"column":8},"end":{"line":23,"column":9}},{"start":{},"end":{}}],"line":21},"3":{"loc":{"start":{"line":27,"column":8},"end":{"line":29,"column":9}},"type":"if","locations":[{"start":{"line":27,"column":8},"end":{"line":29,"column":9}},{"start":{},"end":{}}],"line":27},"4":{"loc":{"start":{"line":35,"column":8},"end":{"line":42,"column":9}},"type":"if","locations":[{"start":{"line":35,"column":8},"end":{"line":42,"column":9}},{"start":{},"end":{}}],"line":35},"5":{"loc":{"start":{"line":36,"column":12},"end":{"line":39,"column":36}},"type":"binary-expr","locations":[{"start":{"line":36,"column":12},"end":{"line":36,"column":28}},{"start":{"line":37,"column":15},"end":{"line":37,"column":35}},{"start":{"line":38,"column":15},"end":{"line":38,"column":37}},{"start":{"line":39,"column":15},"end":{"line":39,"column":36}}],"line":36},"6":{"loc":{"start":{"line":56,"column":8},"end":{"line":58,"column":9}},"type":"if","locations":[{"start":{"line":56,"column":8},"end":{"line":58,"column":9}},{"start":{},"end":{}}],"line":56}},"s":{"0":3,"1":2,"2":0,"3":2,"4":2,"5":1,"6":0,"7":1,"8":1,"9":0,"10":1,"11":0,"12":0,"13":0,"14":0,"15":0,"16":0,"17":0,"18":0,"19":0,"20":0,"21":0,"22":0,"23":0,"24":3},"f":{"0":2,"1":1,"2":0,"3":0,"4":0},"b":{"0":[0,2],"1":[2,2,2],"2":[0,1],"3":[0,1],"4":[0,0],"5":[0,0,0,0],"6":[0,0]},"_coverageSchema":"1a1c01bbd47fc00a2c39e90264f33305004495a9","hash":"4481b1acc0742dd9db6ee2a2b355767beb8d7d53"}
,"C:\\Users\\davi.finkler\\Desktop\\aval-backend-2\\src\\controller\\task.js": {"path":"C:\\Users\\davi.finkler\\Desktop\\aval-backend-2\\src\\controller\\task.js","statementMap":{"0":{"start":{"line":1,"column":13},"end":{"line":1,"column":37}},"1":{"start":{"line":5,"column":8},"end":{"line":12,"column":9}},"2":{"start":{"line":11,"column":12},"end":{"line":11,"column":85}},"3":{"start":{"line":14,"column":21},"end":{"line":15,"column":60}},"4":{"start":{"line":17,"column":8},"end":{"line":17,"column":20}},"5":{"start":{"line":21,"column":8},"end":{"line":23,"column":9}},"6":{"start":{"line":22,"column":12},"end":{"line":22,"column":48}},"7":{"start":{"line":25,"column":21},"end":{"line":25,"column":44}},"8":{"start":{"line":27,"column":8},"end":{"line":29,"column":9}},"9":{"start":{"line":28,"column":12},"end":{"line":28,"column":51}},"10":{"start":{"line":31,"column":8},"end":{"line":31,"column":20}},"11":{"start":{"line":35,"column":8},"end":{"line":42,"column":9}},"12":{"start":{"line":41,"column":12},"end":{"line":41,"column":89}},"13":{"start":{"line":44,"column":21},"end":{"line":44,"column":47}},"14":{"start":{"line":46,"column":8},"end":{"line":46,"column":29}},"15":{"start":{"line":47,"column":8},"end":{"line":47,"column":33}},"16":{"start":{"line":48,"column":8},"end":{"line":48,"column":29}},"17":{"start":{"line":49,"column":8},"end":{"line":49,"column":35}},"18":{"start":{"line":51,"column":8},"end":{"line":51,"column":20}},"19":{"start":{"line":53,"column":8},"end":{"line":53,"column":20}},"20":{"start":{"line":57,"column":8},"end":{"line":59,"column":9}},"21":{"start":{"line":58,"column":12},"end":{"line":58,"column":48}},"22":{"start":{"line":61,"column":21},"end":{"line":61,"column":47}},"23":{"start":{"line":63,"column":8},"end":{"line":63,"column":23}},"24":{"start":{"line":67,"column":8},"end":{"line":67,"column":30}},"25":{"start":{"line":71,"column":0},"end":{"line":71,"column":38}}},"fnMap":{"0":{"name":"(anonymous_0)","decl":{"start":{"line":4,"column":4},"end":{"line":4,"column":5}},"loc":{"start":{"line":4,"column":57},"end":{"line":18,"column":5}},"line":4},"1":{"name":"(anonymous_1)","decl":{"start":{"line":20,"column":4},"end":{"line":20,"column":5}},"loc":{"start":{"line":20,"column":26},"end":{"line":32,"column":5}},"line":20},"2":{"name":"(anonymous_2)","decl":{"start":{"line":34,"column":4},"end":{"line":34,"column":5}},"loc":{"start":{"line":34,"column":63},"end":{"line":54,"column":5}},"line":34},"3":{"name":"(anonymous_3)","decl":{"start":{"line":56,"column":4},"end":{"line":56,"column":5}},"loc":{"start":{"line":56,"column":26},"end":{"line":64,"column":5}},"line":56},"4":{"name":"(anonymous_4)","decl":{"start":{"line":66,"column":4},"end":{"line":66,"column":5}},"loc":{"start":{"line":66,"column":24},"end":{"line":68,"column":5}},"line":66}},"branchMap":{"0":{"loc":{"start":{"line":5,"column":8},"end":{"line":12,"column":9}},"type":"if","locations":[{"start":{"line":5,"column":8},"end":{"line":12,"column":9}},{"start":{},"end":{}}],"line":5},"1":{"loc":{"start":{"line":6,"column":12},"end":{"line":9,"column":38}},"type":"binary-expr","locations":[{"start":{"line":6,"column":12},"end":{"line":6,"column":32}},{"start":{"line":7,"column":15},"end":{"line":7,"column":37}},{"start":{"line":8,"column":15},"end":{"line":8,"column":35}},{"start":{"line":9,"column":15},"end":{"line":9,"column":38}}],"line":6},"2":{"loc":{"start":{"line":21,"column":8},"end":{"line":23,"column":9}},"type":"if","locations":[{"start":{"line":21,"column":8},"end":{"line":23,"column":9}},{"start":{},"end":{}}],"line":21},"3":{"loc":{"start":{"line":27,"column":8},"end":{"line":29,"column":9}},"type":"if","locations":[{"start":{"line":27,"column":8},"end":{"line":29,"column":9}},{"start":{},"end":{}}],"line":27},"4":{"loc":{"start":{"line":35,"column":8},"end":{"line":42,"column":9}},"type":"if","locations":[{"start":{"line":35,"column":8},"end":{"line":42,"column":9}},{"start":{},"end":{}}],"line":35},"5":{"loc":{"start":{"line":36,"column":12},"end":{"line":39,"column":38}},"type":"binary-expr","locations":[{"start":{"line":36,"column":12},"end":{"line":36,"column":32}},{"start":{"line":37,"column":15},"end":{"line":37,"column":37}},{"start":{"line":38,"column":15},"end":{"line":38,"column":35}},{"start":{"line":39,"column":15},"end":{"line":39,"column":38}}],"line":36},"6":{"loc":{"start":{"line":57,"column":8},"end":{"line":59,"column":9}},"type":"if","locations":[{"start":{"line":57,"column":8},"end":{"line":59,"column":9}},{"start":{},"end":{}}],"line":57}},"s":{"0":3,"1":1,"2":0,"3":1,"4":1,"5":0,"6":0,"7":0,"8":0,"9":0,"10":0,"11":0,"12":0,"13":0,"14":0,"15":0,"16":0,"17":0,"18":0,"19":0,"20":0,"21":0,"22":0,"23":0,"24":0,"25":3},"f":{"0":1,"1":0,"2":0,"3":0,"4":0},"b":{"0":[0,1],"1":[1,1,1,1],"2":[0,0],"3":[0,0],"4":[0,0],"5":[0,0,0,0],"6":[0,0]},"_coverageSchema":"1a1c01bbd47fc00a2c39e90264f33305004495a9","hash":"7066e27f54eca4443a926d0f779cac8075c88084"}
,"C:\\Users\\davi.finkler\\Desktop\\aval-backend-2\\src\\controller\\user.js": {"path":"C:\\Users\\davi.finkler\\Desktop\\aval-backend-2\\src\\controller\\user.js","statementMap":{"0":{"start":{"line":1,"column":13},"end":{"line":1,"column":37}},"1":{"start":{"line":5,"column":8},"end":{"line":11,"column":9}},"2":{"start":{"line":10,"column":12},"end":{"line":10,"column":68}},"3":{"start":{"line":14,"column":21},"end":{"line":15,"column":43}},"4":{"start":{"line":17,"column":8},"end":{"line":17,"column":20}},"5":{"start":{"line":21,"column":8},"end":{"line":23,"column":9}},"6":{"start":{"line":22,"column":12},"end":{"line":22,"column":48}},"7":{"start":{"line":25,"column":21},"end":{"line":25,"column":44}},"8":{"start":{"line":27,"column":8},"end":{"line":29,"column":9}},"9":{"start":{"line":28,"column":12},"end":{"line":28,"column":54}},"10":{"start":{"line":31,"column":8},"end":{"line":31,"column":20}},"11":{"start":{"line":35,"column":8},"end":{"line":42,"column":9}},"12":{"start":{"line":41,"column":12},"end":{"line":41,"column":72}},"13":{"start":{"line":44,"column":21},"end":{"line":44,"column":47}},"14":{"start":{"line":46,"column":8},"end":{"line":46,"column":25}},"15":{"start":{"line":47,"column":8},"end":{"line":47,"column":27}},"16":{"start":{"line":48,"column":8},"end":{"line":48,"column":27}},"17":{"start":{"line":50,"column":8},"end":{"line":50,"column":20}},"18":{"start":{"line":52,"column":8},"end":{"line":52,"column":20}},"19":{"start":{"line":56,"column":8},"end":{"line":58,"column":9}},"20":{"start":{"line":57,"column":12},"end":{"line":57,"column":48}},"21":{"start":{"line":60,"column":21},"end":{"line":60,"column":47}},"22":{"start":{"line":62,"column":8},"end":{"line":62,"column":23}},"23":{"start":{"line":66,"column":8},"end":{"line":66,"column":30}},"24":{"start":{"line":70,"column":0},"end":{"line":70,"column":38}}},"fnMap":{"0":{"name":"(anonymous_0)","decl":{"start":{"line":4,"column":4},"end":{"line":4,"column":5}},"loc":{"start":{"line":4,"column":43},"end":{"line":18,"column":5}},"line":4},"1":{"name":"(anonymous_1)","decl":{"start":{"line":20,"column":4},"end":{"line":20,"column":5}},"loc":{"start":{"line":20,"column":26},"end":{"line":32,"column":5}},"line":20},"2":{"name":"(anonymous_2)","decl":{"start":{"line":34,"column":4},"end":{"line":34,"column":5}},"loc":{"start":{"line":34,"column":49},"end":{"line":53,"column":5}},"line":34},"3":{"name":"(anonymous_3)","decl":{"start":{"line":55,"column":4},"end":{"line":55,"column":5}},"loc":{"start":{"line":55,"column":29},"end":{"line":63,"column":5}},"line":55},"4":{"name":"(anonymous_4)","decl":{"start":{"line":65,"column":4},"end":{"line":65,"column":5}},"loc":{"start":{"line":65,"column":27},"end":{"line":67,"column":5}},"line":65}},"branchMap":{"0":{"loc":{"start":{"line":5,"column":8},"end":{"line":11,"column":9}},"type":"if","locations":[{"start":{"line":5,"column":8},"end":{"line":11,"column":9}},{"start":{},"end":{}}],"line":5},"1":{"loc":{"start":{"line":6,"column":12},"end":{"line":8,"column":34}},"type":"binary-expr","locations":[{"start":{"line":6,"column":12},"end":{"line":6,"column":30}},{"start":{"line":7,"column":15},"end":{"line":7,"column":34}},{"start":{"line":8,"column":15},"end":{"line":8,"column":34}}],"line":6},"2":{"loc":{"start":{"line":21,"column":8},"end":{"line":23,"column":9}},"type":"if","locations":[{"start":{"line":21,"column":8},"end":{"line":23,"column":9}},{"start":{},"end":{}}],"line":21},"3":{"loc":{"start":{"line":27,"column":8},"end":{"line":29,"column":9}},"type":"if","locations":[{"start":{"line":27,"column":8},"end":{"line":29,"column":9}},{"start":{},"end":{}}],"line":27},"4":{"loc":{"start":{"line":35,"column":8},"end":{"line":42,"column":9}},"type":"if","locations":[{"start":{"line":35,"column":8},"end":{"line":42,"column":9}},{"start":{},"end":{}}],"line":35},"5":{"loc":{"start":{"line":36,"column":12},"end":{"line":39,"column":34}},"type":"binary-expr","locations":[{"start":{"line":36,"column":12},"end":{"line":36,"column":28}},{"start":{"line":37,"column":15},"end":{"line":37,"column":33}},{"start":{"line":38,"column":15},"end":{"line":38,"column":34}},{"start":{"line":39,"column":15},"end":{"line":39,"column":34}}],"line":36},"6":{"loc":{"start":{"line":56,"column":8},"end":{"line":58,"column":9}},"type":"if","locations":[{"start":{"line":56,"column":8},"end":{"line":58,"column":9}},{"start":{},"end":{}}],"line":56}},"s":{"0":3,"1":3,"2":0,"3":3,"4":3,"5":2,"6":0,"7":2,"8":2,"9":0,"10":2,"11":0,"12":0,"13":0,"14":0,"15":0,"16":0,"17":0,"18":0,"19":0,"20":0,"21":0,"22":0,"23":0,"24":3},"f":{"0":3,"1":2,"2":0,"3":0,"4":0},"b":{"0":[0,3],"1":[3,3,3],"2":[0,2],"3":[0,2],"4":[0,0],"5":[0,0,0,0],"6":[0,0]},"_coverageSchema":"1a1c01bbd47fc00a2c39e90264f33305004495a9","hash":"294cbcba6f2e95b79960a44fac03eadf65864c78"}
,"C:\\Users\\davi.finkler\\Desktop\\aval-backend-2\\src\\middleware\\validationMiddleware.js": {"path":"C:\\Users\\davi.finkler\\Desktop\\aval-backend-2\\src\\middleware\\validationMiddleware.js","statementMap":{"0":{"start":{"line":1,"column":23},"end":{"line":1,"column":52}},"1":{"start":{"line":2,"column":26},"end":{"line":2,"column":58}},"2":{"start":{"line":7,"column":37},"end":{"line":7,"column":45}},"3":{"start":{"line":8,"column":8},"end":{"line":16,"column":9}},"4":{"start":{"line":9,"column":12},"end":{"line":11,"column":14}},"5":{"start":{"line":12,"column":15},"end":{"line":16,"column":9}},"6":{"start":{"line":13,"column":12},"end":{"line":15,"column":14}},"7":{"start":{"line":17,"column":8},"end":{"line":17,"column":15}},"8":{"start":{"line":21,"column":44},"end":{"line":21,"column":52}},"9":{"start":{"line":22,"column":8},"end":{"line":30,"column":9}},"10":{"start":{"line":23,"column":12},"end":{"line":25,"column":14}},"11":{"start":{"line":26,"column":15},"end":{"line":30,"column":9}},"12":{"start":{"line":27,"column":12},"end":{"line":29,"column":14}},"13":{"start":{"line":31,"column":23},"end":{"line":31,"column":64}},"14":{"start":{"line":32,"column":8},"end":{"line":34,"column":9}},"15":{"start":{"line":33,"column":12},"end":{"line":33,"column":78}},"16":{"start":{"line":35,"column":8},"end":{"line":35,"column":15}},"17":{"start":{"line":39,"column":54},"end":{"line":39,"column":62}},"18":{"start":{"line":40,"column":8},"end":{"line":48,"column":9}},"19":{"start":{"line":41,"column":12},"end":{"line":43,"column":14}},"20":{"start":{"line":44,"column":15},"end":{"line":48,"column":9}},"21":{"start":{"line":45,"column":12},"end":{"line":47,"column":14}},"22":{"start":{"line":49,"column":26},"end":{"line":49,"column":72}},"23":{"start":{"line":50,"column":8},"end":{"line":52,"column":9}},"24":{"start":{"line":51,"column":12},"end":{"line":51,"column":78}},"25":{"start":{"line":53,"column":8},"end":{"line":53,"column":15}},"26":{"start":{"line":57,"column":21},"end":{"line":57,"column":31}},"27":{"start":{"line":58,"column":8},"end":{"line":62,"column":9}},"28":{"start":{"line":59,"column":12},"end":{"line":61,"column":14}},"29":{"start":{"line":63,"column":22},"end":{"line":63,"column":58}},"30":{"start":{"line":64,"column":8},"end":{"line":66,"column":9}},"31":{"start":{"line":65,"column":12},"end":{"line":65,"column":78}},"32":{"start":{"line":67,"column":8},"end":{"line":67,"column":15}},"33":{"start":{"line":71,"column":21},"end":{"line":71,"column":31}},"34":{"start":{"line":72,"column":8},"end":{"line":76,"column":9}},"35":{"start":{"line":73,"column":12},"end":{"line":75,"column":14}},"36":{"start":{"line":77,"column":25},"end":{"line":77,"column":64}},"37":{"start":{"line":78,"column":8},"end":{"line":80,"column":9}},"38":{"start":{"line":79,"column":12},"end":{"line":79,"column":78}},"39":{"start":{"line":81,"column":8},"end":{"line":81,"column":15}},"40":{"start":{"line":85,"column":21},"end":{"line":85,"column":31}},"41":{"start":{"line":86,"column":8},"end":{"line":90,"column":9}},"42":{"start":{"line":87,"column":12},"end":{"line":89,"column":14}},"43":{"start":{"line":91,"column":22},"end":{"line":91,"column":58}},"44":{"start":{"line":92,"column":8},"end":{"line":94,"column":9}},"45":{"start":{"line":93,"column":12},"end":{"line":93,"column":78}},"46":{"start":{"line":95,"column":8},"end":{"line":95,"column":15}},"47":{"start":{"line":99,"column":0},"end":{"line":99,"column":28}}},"fnMap":{"0":{"name":"(anonymous_0)","decl":{"start":{"line":6,"column":4},"end":{"line":6,"column":5}},"loc":{"start":{"line":6,"column":41},"end":{"line":18,"column":5}},"line":6},"1":{"name":"(anonymous_1)","decl":{"start":{"line":20,"column":4},"end":{"line":20,"column":5}},"loc":{"start":{"line":20,"column":41},"end":{"line":36,"column":5}},"line":20},"2":{"name":"(anonymous_2)","decl":{"start":{"line":38,"column":4},"end":{"line":38,"column":5}},"loc":{"start":{"line":38,"column":38},"end":{"line":54,"column":5}},"line":38},"3":{"name":"(anonymous_3)","decl":{"start":{"line":56,"column":4},"end":{"line":56,"column":5}},"loc":{"start":{"line":56,"column":40},"end":{"line":68,"column":5}},"line":56},"4":{"name":"(anonymous_4)","decl":{"start":{"line":70,"column":4},"end":{"line":70,"column":5}},"loc":{"start":{"line":70,"column":43},"end":{"line":82,"column":5}},"line":70},"5":{"name":"(anonymous_5)","decl":{"start":{"line":84,"column":4},"end":{"line":84,"column":5}},"loc":{"start":{"line":84,"column":40},"end":{"line":96,"column":5}},"line":84}},"branchMap":{"0":{"loc":{"start":{"line":8,"column":8},"end":{"line":16,"column":9}},"type":"if","locations":[{"start":{"line":8,"column":8},"end":{"line":16,"column":9}},{"start":{"line":12,"column":15},"end":{"line":16,"column":9}}],"line":8},"1":{"loc":{"start":{"line":8,"column":12},"end":{"line":8,"column":37}},"type":"binary-expr","locations":[{"start":{"line":8,"column":12},"end":{"line":8,"column":17}},{"start":{"line":8,"column":21},"end":{"line":8,"column":27}},{"start":{"line":8,"column":31},"end":{"line":8,"column":37}}],"line":8},"2":{"loc":{"start":{"line":12,"column":15},"end":{"line":16,"column":9}},"type":"if","locations":[{"start":{"line":12,"column":15},"end":{"line":16,"column":9}},{"start":{},"end":{}}],"line":12},"3":{"loc":{"start":{"line":12,"column":19},"end":{"line":12,"column":101}},"type":"binary-expr","locations":[{"start":{"line":12,"column":19},"end":{"line":12,"column":43}},{"start":{"line":12,"column":47},"end":{"line":12,"column":72}},{"start":{"line":12,"column":76},"end":{"line":12,"column":101}}],"line":12},"4":{"loc":{"start":{"line":22,"column":8},"end":{"line":30,"column":9}},"type":"if","locations":[{"start":{"line":22,"column":8},"end":{"line":30,"column":9}},{"start":{"line":26,"column":15},"end":{"line":30,"column":9}}],"line":22},"5":{"loc":{"start":{"line":22,"column":12},"end":{"line":22,"column":44}},"type":"binary-expr","locations":[{"start":{"line":22,"column":12},"end":{"line":22,"column":19}},{"start":{"line":22,"column":23},"end":{"line":22,"column":32}},{"start":{"line":22,"column":36},"end":{"line":22,"column":44}}],"line":22},"6":{"loc":{"start":{"line":26,"column":15},"end":{"line":30,"column":9}},"type":"if","locations":[{"start":{"line":26,"column":15},"end":{"line":30,"column":9}},{"start":{},"end":{}}],"line":26},"7":{"loc":{"start":{"line":26,"column":19},"end":{"line":26,"column":108}},"type":"binary-expr","locations":[{"start":{"line":26,"column":19},"end":{"line":26,"column":45}},{"start":{"line":26,"column":49},"end":{"line":26,"column":77}},{"start":{"line":26,"column":81},"end":{"line":26,"column":108}}],"line":26},"8":{"loc":{"start":{"line":32,"column":8},"end":{"line":34,"column":9}},"type":"if","locations":[{"start":{"line":32,"column":8},"end":{"line":34,"column":9}},{"start":{},"end":{}}],"line":32},"9":{"loc":{"start":{"line":40,"column":8},"end":{"line":48,"column":9}},"type":"if","locations":[{"start":{"line":40,"column":8},"end":{"line":48,"column":9}},{"start":{"line":44,"column":15},"end":{"line":48,"column":9}}],"line":40},"10":{"loc":{"start":{"line":40,"column":12},"end":{"line":40,"column":57}},"type":"binary-expr","locations":[{"start":{"line":40,"column":12},"end":{"line":40,"column":19}},{"start":{"line":40,"column":23},"end":{"line":40,"column":32}},{"start":{"line":40,"column":36},"end":{"line":40,"column":43}},{"start":{"line":40,"column":47},"end":{"line":40,"column":57}}],"line":40},"11":{"loc":{"start":{"line":44,"column":15},"end":{"line":48,"column":9}},"type":"if","locations":[{"start":{"line":44,"column":15},"end":{"line":48,"column":9}},{"start":{},"end":{}}],"line":44},"12":{"loc":{"start":{"line":44,"column":19},"end":{"line":44,"column":140}},"type":"binary-expr","locations":[{"start":{"line":44,"column":19},"end":{"line":44,"column":45}},{"start":{"line":44,"column":49},"end":{"line":44,"column":77}},{"start":{"line":44,"column":81},"end":{"line":44,"column":107}},{"start":{"line":44,"column":111},"end":{"line":44,"column":140}}],"line":44},"13":{"loc":{"start":{"line":50,"column":8},"end":{"line":52,"column":9}},"type":"if","locations":[{"start":{"line":50,"column":8},"end":{"line":52,"column":9}},{"start":{},"end":{}}],"line":50},"14":{"loc":{"start":{"line":58,"column":8},"end":{"line":62,"column":9}},"type":"if","locations":[{"start":{"line":58,"column":8},"end":{"line":62,"column":9}},{"start":{},"end":{}}],"line":58},"15":{"loc":{"start":{"line":58,"column":12},"end":{"line":58,"column":28}},"type":"binary-expr","locations":[{"start":{"line":58,"column":12},"end":{"line":58,"column":15}},{"start":{"line":58,"column":19},"end":{"line":58,"column":28}}],"line":58},"16":{"loc":{"start":{"line":64,"column":8},"end":{"line":66,"column":9}},"type":"if","locations":[{"start":{"line":64,"column":8},"end":{"line":66,"column":9}},{"start":{},"end":{}}],"line":64},"17":{"loc":{"start":{"line":72,"column":8},"end":{"line":76,"column":9}},"type":"if","locations":[{"start":{"line":72,"column":8},"end":{"line":76,"column":9}},{"start":{},"end":{}}],"line":72},"18":{"loc":{"start":{"line":72,"column":12},"end":{"line":72,"column":28}},"type":"binary-expr","locations":[{"start":{"line":72,"column":12},"end":{"line":72,"column":15}},{"start":{"line":72,"column":19},"end":{"line":72,"column":28}}],"line":72},"19":{"loc":{"start":{"line":78,"column":8},"end":{"line":80,"column":9}},"type":"if","locations":[{"start":{"line":78,"column":8},"end":{"line":80,"column":9}},{"start":{},"end":{}}],"line":78},"20":{"loc":{"start":{"line":86,"column":8},"end":{"line":90,"column":9}},"type":"if","locations":[{"start":{"line":86,"column":8},"end":{"line":90,"column":9}},{"start":{},"end":{}}],"line":86},"21":{"loc":{"start":{"line":86,"column":12},"end":{"line":86,"column":28}},"type":"binary-expr","locations":[{"start":{"line":86,"column":12},"end":{"line":86,"column":15}},{"start":{"line":86,"column":19},"end":{"line":86,"column":28}}],"line":86},"22":{"loc":{"start":{"line":92,"column":8},"end":{"line":94,"column":9}},"type":"if","locations":[{"start":{"line":92,"column":8},"end":{"line":94,"column":9}},{"start":{},"end":{}}],"line":92}},"s":{"0":3,"1":3,"2":3,"3":3,"4":0,"5":3,"6":0,"7":3,"8":2,"9":2,"10":0,"11":2,"12":0,"13":2,"14":2,"15":0,"16":2,"17":1,"18":1,"19":0,"20":1,"21":0,"22":1,"23":1,"24":0,"25":1,"26":0,"27":0,"28":0,"29":0,"30":0,"31":0,"32":0,"33":0,"34":0,"35":0,"36":0,"37":0,"38":0,"39":0,"40":0,"41":0,"42":0,"43":0,"44":0,"45":0,"46":0,"47":3},"f":{"0":3,"1":2,"2":1,"3":0,"4":0,"5":0},"b":{"0":[0,3],"1":[3,3,3],"2":[0,3],"3":[3,3,3],"4":[0,2],"5":[2,2,2],"6":[0,2],"7":[2,2,2],"8":[0,2],"9":[0,1],"10":[1,1,1,1],"11":[0,1],"12":[1,1,1,1],"13":[0,1],"14":[0,0],"15":[0,0],"16":[0,0],"17":[0,0],"18":[0,0],"19":[0,0],"20":[0,0],"21":[0,0],"22":[0,0]},"_coverageSchema":"1a1c01bbd47fc00a2c39e90264f33305004495a9","hash":"e7f2adb38fa23597b0c048f6ed740a8a47398253"}
,"C:\\Users\\davi.finkler\\Desktop\\aval-backend-2\\src\\model\\project.js": {"path":"C:\\Users\\davi.finkler\\Desktop\\aval-backend-2\\src\\model\\project.js","statementMap":{"0":{"start":{"line":1,"column":17},"end":{"line":1,"column":46}},"1":{"start":{"line":2,"column":13},"end":{"line":2,"column":30}},"2":{"start":{"line":6,"column":8},"end":{"line":26,"column":11}},"3":{"start":{"line":30,"column":0},"end":{"line":30,"column":37}}},"fnMap":{"0":{"name":"(anonymous_0)","decl":{"start":{"line":5,"column":4},"end":{"line":5,"column":5}},"loc":{"start":{"line":5,"column":18},"end":{"line":27,"column":5}},"line":5}},"branchMap":{},"s":{"0":3,"1":3,"2":3,"3":3},"f":{"0":3},"b":{},"_coverageSchema":"1a1c01bbd47fc00a2c39e90264f33305004495a9","hash":"c5a9b6cac8c7421f716126c31890701b441ec03a"}
,"C:\\Users\\davi.finkler\\Desktop\\aval-backend-2\\src\\model\\task.js": {"path":"C:\\Users\\davi.finkler\\Desktop\\aval-backend-2\\src\\model\\task.js","statementMap":{"0":{"start":{"line":1,"column":17},"end":{"line":1,"column":46}},"1":{"start":{"line":2,"column":16},"end":{"line":2,"column":36}},"2":{"start":{"line":6,"column":8},"end":{"line":29,"column":11}},"3":{"start":{"line":33,"column":0},"end":{"line":33,"column":34}}},"fnMap":{"0":{"name":"(anonymous_0)","decl":{"start":{"line":5,"column":4},"end":{"line":5,"column":5}},"loc":{"start":{"line":5,"column":18},"end":{"line":30,"column":5}},"line":5}},"branchMap":{},"s":{"0":3,"1":3,"2":3,"3":3},"f":{"0":3},"b":{},"_coverageSchema":"1a1c01bbd47fc00a2c39e90264f33305004495a9","hash":"3f35a7dd9aab2845eb5bbc8eaad38991e84927e6"}
,"C:\\Users\\davi.finkler\\Desktop\\aval-backend-2\\src\\model\\user.js": {"path":"C:\\Users\\davi.finkler\\Desktop\\aval-backend-2\\src\\model\\user.js","statementMap":{"0":{"start":{"line":1,"column":17},"end":{"line":1,"column":46}},"1":{"start":{"line":5,"column":8},"end":{"line":20,"column":11}},"2":{"start":{"line":24,"column":0},"end":{"line":24,"column":34}}},"fnMap":{"0":{"name":"(anonymous_0)","decl":{"start":{"line":4,"column":4},"end":{"line":4,"column":5}},"loc":{"start":{"line":4,"column":18},"end":{"line":21,"column":5}},"line":4}},"branchMap":{},"s":{"0":3,"1":3,"2":3},"f":{"0":3},"b":{},"_coverageSchema":"1a1c01bbd47fc00a2c39e90264f33305004495a9","hash":"e915f67f64078c0c625f99a730995255155fd10f"}
}
