TN:
SF:src\index.js
FN:11,(anonymous_0)
FN:41,(anonymous_1)
FN:43,(anonymous_2)
FN:48,(anonymous_3)
FNF:4
FNH:1
FNDA:0,(anonymous_0)
FNDA:3,(anonymous_1)
FNDA:0,(anonymous_2)
FNDA:0,(anonymous_3)
DA:1,3
DA:2,3
DA:3,3
DA:4,3
DA:5,3
DA:6,3
DA:8,3
DA:9,3
DA:11,3
DA:12,0
DA:15,3
DA:16,3
DA:17,3
DA:18,3
DA:21,3
DA:22,3
DA:23,3
DA:24,3
DA:27,3
DA:28,3
DA:29,3
DA:30,3
DA:33,3
DA:34,3
DA:35,3
DA:36,3
DA:38,3
DA:40,3
DA:42,3
DA:43,0
DA:44,0
DA:49,0
DA:52,3
LF:33
LH:29
BRDA:42,0,0,0
BRDA:42,0,1,3
BRF:2
BRH:1
end_of_record
TN:
SF:src\api\project.js
FN:4,(anonymous_0)
FN:15,(anonymous_1)
FN:27,(anonymous_2)
FN:38,(anonymous_3)
FNF:4
FNH:1
FNDA:2,(anonymous_0)
FNDA:0,(anonymous_1)
FNDA:0,(anonymous_2)
FNDA:0,(anonymous_3)
DA:1,3
DA:5,2
DA:7,2
DA:8,2
DA:9,2
DA:11,0
DA:16,0
DA:17,0
DA:19,0
DA:20,0
DA:21,0
DA:23,0
DA:28,0
DA:30,0
DA:31,0
DA:32,0
DA:34,0
DA:40,0
DA:41,0
DA:42,0
DA:44,0
DA:49,3
LF:22
LH:6
BRF:0
BRH:0
end_of_record
TN:
SF:src\api\task.js
FN:4,(anonymous_0)
FN:15,(anonymous_1)
FN:27,(anonymous_2)
FN:38,(anonymous_3)
FNF:4
FNH:1
FNDA:1,(anonymous_0)
FNDA:0,(anonymous_1)
FNDA:0,(anonymous_2)
FNDA:0,(anonymous_3)
DA:1,3
DA:5,1
DA:7,1
DA:8,1
DA:9,1
DA:11,0
DA:16,0
DA:17,0
DA:19,0
DA:20,0
DA:21,0
DA:23,0
DA:28,0
DA:30,0
DA:31,0
DA:32,0
DA:34,0
DA:40,0
DA:41,0
DA:42,0
DA:44,0
DA:49,3
LF:22
LH:6
BRF:0
BRH:0
end_of_record
TN:
SF:src\api\user.js
FN:4,(anonymous_0)
FN:15,(anonymous_1)
FN:27,(anonymous_2)
FN:38,(anonymous_3)
FNF:4
FNH:1
FNDA:3,(anonymous_0)
FNDA:0,(anonymous_1)
FNDA:0,(anonymous_2)
FNDA:0,(anonymous_3)
DA:1,3
DA:5,3
DA:7,3
DA:8,3
DA:9,3
DA:11,0
DA:16,0
DA:17,0
DA:19,0
DA:20,0
DA:21,0
DA:23,0
DA:28,0
DA:30,0
DA:31,0
DA:32,0
DA:34,0
DA:40,0
DA:41,0
DA:42,0
DA:44,0
DA:49,3
LF:22
LH:6
BRF:0
BRH:0
end_of_record
TN:
SF:src\config\database.js
FNF:0
FNH:0
DA:1,3
DA:3,3
DA:10,3
LF:3
LH:3
BRF:0
BRH:0
end_of_record
TN:
SF:src\controller\project.js
FN:4,(anonymous_0)
FN:20,(anonymous_1)
FN:34,(anonymous_2)
FN:55,(anonymous_3)
FN:65,(anonymous_4)
FNF:5
FNH:2
FNDA:2,(anonymous_0)
FNDA:1,(anonymous_1)
FNDA:0,(anonymous_2)
FNDA:0,(anonymous_3)
FNDA:0,(anonymous_4)
DA:1,3
DA:5,2
DA:10,0
DA:14,2
DA:17,2
DA:21,1
DA:22,0
DA:25,1
DA:27,1
DA:28,0
DA:31,1
DA:35,0
DA:41,0
DA:44,0
DA:46,0
DA:47,0
DA:48,0
DA:50,0
DA:52,0
DA:56,0
DA:57,0
DA:60,0
DA:62,0
DA:66,0
DA:70,3
LF:25
LH:9
BRDA:5,0,0,0
BRDA:5,0,1,2
BRDA:6,1,0,2
BRDA:6,1,1,2
BRDA:6,1,2,2
BRDA:21,2,0,0
BRDA:21,2,1,1
BRDA:27,3,0,0
BRDA:27,3,1,1
BRDA:35,4,0,0
BRDA:35,4,1,0
BRDA:36,5,0,0
BRDA:36,5,1,0
BRDA:36,5,2,0
BRDA:36,5,3,0
BRDA:56,6,0,0
BRDA:56,6,1,0
BRF:17
BRH:6
end_of_record
TN:
SF:src\controller\task.js
FN:4,(anonymous_0)
FN:20,(anonymous_1)
FN:34,(anonymous_2)
FN:56,(anonymous_3)
FN:66,(anonymous_4)
FNF:5
FNH:1
FNDA:1,(anonymous_0)
FNDA:0,(anonymous_1)
FNDA:0,(anonymous_2)
FNDA:0,(anonymous_3)
FNDA:0,(anonymous_4)
DA:1,3
DA:5,1
DA:11,0
DA:14,1
DA:17,1
DA:21,0
DA:22,0
DA:25,0
DA:27,0
DA:28,0
DA:31,0
DA:35,0
DA:41,0
DA:44,0
DA:46,0
DA:47,0
DA:48,0
DA:49,0
DA:51,0
DA:53,0
DA:57,0
DA:58,0
DA:61,0
DA:63,0
DA:67,0
DA:71,3
LF:26
LH:5
BRDA:5,0,0,0
BRDA:5,0,1,1
BRDA:6,1,0,1
BRDA:6,1,1,1
BRDA:6,1,2,1
BRDA:6,1,3,1
BRDA:21,2,0,0
BRDA:21,2,1,0
BRDA:27,3,0,0
BRDA:27,3,1,0
BRDA:35,4,0,0
BRDA:35,4,1,0
BRDA:36,5,0,0
BRDA:36,5,1,0
BRDA:36,5,2,0
BRDA:36,5,3,0
BRDA:57,6,0,0
BRDA:57,6,1,0
BRF:18
BRH:5
end_of_record
TN:
SF:src\controller\user.js
FN:4,(anonymous_0)
FN:20,(anonymous_1)
FN:34,(anonymous_2)
FN:55,(anonymous_3)
FN:65,(anonymous_4)
FNF:5
FNH:2
FNDA:3,(anonymous_0)
FNDA:2,(anonymous_1)
FNDA:0,(anonymous_2)
FNDA:0,(anonymous_3)
FNDA:0,(anonymous_4)
DA:1,3
DA:5,3
DA:10,0
DA:14,3
DA:17,3
DA:21,2
DA:22,0
DA:25,2
DA:27,2
DA:28,0
DA:31,2
DA:35,0
DA:41,0
DA:44,0
DA:46,0
DA:47,0
DA:48,0
DA:50,0
DA:52,0
DA:56,0
DA:57,0
DA:60,0
DA:62,0
DA:66,0
DA:70,3
LF:25
LH:9
BRDA:5,0,0,0
BRDA:5,0,1,3
BRDA:6,1,0,3
BRDA:6,1,1,3
BRDA:6,1,2,3
BRDA:21,2,0,0
BRDA:21,2,1,2
BRDA:27,3,0,0
BRDA:27,3,1,2
BRDA:35,4,0,0
BRDA:35,4,1,0
BRDA:36,5,0,0
BRDA:36,5,1,0
BRDA:36,5,2,0
BRDA:36,5,3,0
BRDA:56,6,0,0
BRDA:56,6,1,0
BRF:17
BRH:6
end_of_record
TN:
SF:src\middleware\validationMiddleware.js
FN:6,(anonymous_0)
FN:20,(anonymous_1)
FN:38,(anonymous_2)
FN:56,(anonymous_3)
FN:70,(anonymous_4)
FN:84,(anonymous_5)
FNF:6
FNH:3
FNDA:3,(anonymous_0)
FNDA:2,(anonymous_1)
FNDA:1,(anonymous_2)
FNDA:0,(anonymous_3)
FNDA:0,(anonymous_4)
FNDA:0,(anonymous_5)
DA:1,3
DA:2,3
DA:7,3
DA:8,3
DA:9,0
DA:12,3
DA:13,0
DA:17,3
DA:21,2
DA:22,2
DA:23,0
DA:26,2
DA:27,0
DA:31,2
DA:32,2
DA:33,0
DA:35,2
DA:39,1
DA:40,1
DA:41,0
DA:44,1
DA:45,0
DA:49,1
DA:50,1
DA:51,0
DA:53,1
DA:57,0
DA:58,0
DA:59,0
DA:63,0
DA:64,0
DA:65,0
DA:67,0
DA:71,0
DA:72,0
DA:73,0
DA:77,0
DA:78,0
DA:79,0
DA:81,0
DA:85,0
DA:86,0
DA:87,0
DA:91,0
DA:92,0
DA:93,0
DA:95,0
DA:99,3
LF:48
LH:19
BRDA:8,0,0,0
BRDA:8,0,1,3
BRDA:8,1,0,3
BRDA:8,1,1,3
BRDA:8,1,2,3
BRDA:12,2,0,0
BRDA:12,2,1,3
BRDA:12,3,0,3
BRDA:12,3,1,3
BRDA:12,3,2,3
BRDA:22,4,0,0
BRDA:22,4,1,2
BRDA:22,5,0,2
BRDA:22,5,1,2
BRDA:22,5,2,2
BRDA:26,6,0,0
BRDA:26,6,1,2
BRDA:26,7,0,2
BRDA:26,7,1,2
BRDA:26,7,2,2
BRDA:32,8,0,0
BRDA:32,8,1,2
BRDA:40,9,0,0
BRDA:40,9,1,1
BRDA:40,10,0,1
BRDA:40,10,1,1
BRDA:40,10,2,1
BRDA:40,10,3,1
BRDA:44,11,0,0
BRDA:44,11,1,1
BRDA:44,12,0,1
BRDA:44,12,1,1
BRDA:44,12,2,1
BRDA:44,12,3,1
BRDA:50,13,0,0
BRDA:50,13,1,1
BRDA:58,14,0,0
BRDA:58,14,1,0
BRDA:58,15,0,0
BRDA:58,15,1,0
BRDA:64,16,0,0
BRDA:64,16,1,0
BRDA:72,17,0,0
BRDA:72,17,1,0
BRDA:72,18,0,0
BRDA:72,18,1,0
BRDA:78,19,0,0
BRDA:78,19,1,0
BRDA:86,20,0,0
BRDA:86,20,1,0
BRDA:86,21,0,0
BRDA:86,21,1,0
BRDA:92,22,0,0
BRDA:92,22,1,0
BRF:54
BRH:28
end_of_record
TN:
SF:src\model\project.js
FN:5,(anonymous_0)
FNF:1
FNH:1
FNDA:3,(anonymous_0)
DA:1,3
DA:2,3
DA:6,3
DA:30,3
LF:4
LH:4
BRF:0
BRH:0
end_of_record
TN:
SF:src\model\task.js
FN:5,(anonymous_0)
FNF:1
FNH:1
FNDA:3,(anonymous_0)
DA:1,3
DA:2,3
DA:6,3
DA:33,3
LF:4
LH:4
BRF:0
BRH:0
end_of_record
TN:
SF:src\model\user.js
FN:4,(anonymous_0)
FNF:1
FNH:1
FNDA:3,(anonymous_0)
DA:1,3
DA:5,3
DA:24,3
LF:3
LH:3
BRF:0
BRH:0
end_of_record
